[2025-02-15 23:53:37.703] [DISPLAY] [Main ] [dx12] Retrieving D3D12 graphics info
[2025-02-15 23:53:38.381] [DISPLAY] [Main ] [launcher] Opening log file.
[2025-02-15 23:53:38.383] [DISPLAY] [Main ] [main] Command line: "C:\Program Files\Rockstar Games\Launcher\Launcher.exe" -skipPatcherCheck -steamAppId=271590 -steamLocation "C:\Program Files (x86)\Steam\steamapps\common\Grand Theft Auto V" -skipPatcherCheck -launchTitleInFolder "C:\Program Files (x86)\Steam\steamapps\common\Grand Theft Auto V"  -noBattleye @args.txt
[2025-02-15 23:53:38.383] [DISPLAY] [Main ] [main] P4 Version: 
[2025-02-15 23:53:38.383] [DISPLAY] [Main ] [main] RGL Branch: release_01
[2025-02-15 23:53:38.383] [DISPLAY] [Main ] [main] Version: 1.0.100.2344
[2025-02-15 23:53:38.383] [DISPLAY] [Main ] [main] Parameters:
[2025-02-15 23:53:38.383] [DISPLAY] [Main ] [main]     C:\Program Files\Rockstar Games\Launcher\Launcher.exe
[2025-02-15 23:53:38.383] [DISPLAY] [Main ] [main]     -skipPatcherCheck
[2025-02-15 23:53:38.383] [DISPLAY] [Main ] [main]     -steamAppId=271590
[2025-02-15 23:53:38.383] [DISPLAY] [Main ] [main]     -steamLocation
[2025-02-15 23:53:38.383] [DISPLAY] [Main ] [main]     C:\Program Files (x86)\Steam\steamapps\common\Grand Theft Auto V
[2025-02-15 23:53:38.383] [DISPLAY] [Main ] [main]     -skipPatcherCheck
[2025-02-15 23:53:38.383] [DISPLAY] [Main ] [main]     -launchTitleInFolder
[2025-02-15 23:53:38.383] [DISPLAY] [Main ] [main]     C:\Program Files (x86)\Steam\steamapps\common\Grand Theft Auto V
[2025-02-15 23:53:38.383] [DISPLAY] [Main ] [main]     -noBattleye
[2025-02-15 23:53:38.383] [DISPLAY] [Main ] [main]     @args.txt
[2025-02-15 23:53:38.383] [DISPLAY] [Main ] [main] Initial Working Directory: C:\Program Files (x86)\Steam\steamapps\common\Grand Theft Auto V
[2025-02-15 23:53:38.383] [DISPLAY] [Main ] [main] Working directory: C:\Program Files\Rockstar Games\Launcher
[2025-02-15 23:53:38.386] [DISPLAY] [Main ] [packfile] Initialize 'Launcher.rpf' - succeeded
[2025-02-15 23:53:38.386] [DISPLAY] [Main ] [localisation] Language updated to: 7
[2025-02-15 23:53:38.411] [DISPLAY] [Main ] [external] Creating Steam min mode launch
[2025-02-15 23:53:38.412] [DISPLAY] [Main ] [external] Steam App Id: 271590
[2025-02-15 23:53:38.412] [DISPLAY] [Main ] [external] Steam Location: C:\Program Files (x86)\Steam\steamapps\common\Grand Theft Auto V
[2025-02-15 23:53:38.413] [DISPLAY] [Main ] [metadatamanager] Read external Steam metadata: gta5
[2025-02-15 23:53:38.413] [DISPLAY] [Main ] [external] App: gta5
[2025-02-15 23:53:38.423] [DISPLAY] [Main ] [titlestorage] Installed titles:
[2025-02-15 23:53:38.423] [DISPLAY] [Main ] [titlestorage]  Title                             Progress               Version              Location                                                    
[2025-02-15 23:53:38.433] [DISPLAY] [Main ] [svc] Service version: 1.0.100.2344 (1.0.100.2344)
[2025-02-15 23:53:38.499] [DISPLAY] [Main ] [minmode] Overriding language from external game launch: ru-RU
[2025-02-15 23:53:38.499] [DISPLAY] [Main ] [localisation] Language updated to: 7
[2025-02-15 23:53:38.500] [DISPLAY] [Main ] [fileutils] Version: 2.4.0.41 | 1.0.100.2344 | FFP
[2025-02-15 23:53:38.516] [DISPLAY] [Workr] [selfupdate] Up-to-date.
[2025-02-15 23:53:38.771] [DISPLAY] [Main ] [systemtray] System tray: enabled
[2025-02-15 23:53:38.774] [DISPLAY] [Main ] [launcher] Passed check: majorVersion(10.0.22631) >= 10
[2025-02-15 23:53:39.038] [DISPLAY] [bgsvc] [svc] Received response from service.
[2025-02-15 23:53:39.060] [DISPLAY] [Workr] [idownloader] Starting download of 'https://gamedownloads-rockstargames-com.akamaized.net/public/launcher_online_config.xml'
[2025-02-15 23:53:39.310] [DISPLAY] [Workr] [idownloader] Completed download of 'https://gamedownloads-rockstargames-com.akamaized.net/public/launcher_online_config.xml' (status: 0/200)
[2025-02-15 23:53:39.310] [DISPLAY] [Workr] [titlemanager] Downloading title list...
[2025-02-15 23:53:39.310] [DISPLAY] [Workr] [titlemanager] Downloading default title list (SCS)...
[2025-02-15 23:53:39.310] [DISPLAY] [Workr] [idownloader] Starting download of 'https://rgl-prod.ros.rockstargames.com/launcher/11/LauncherServices/App.asmx/GetDefaultApps?accessToken='
[2025-02-15 23:53:40.060] [DISPLAY] [Workr] [idownloader] Completed download of 'https://rgl-prod.ros.rockstargames.com/launcher/11/LauncherServices/App.asmx/GetDefaultApps?accessToken=' (status: 0/200)
[2025-02-15 23:53:40.060] [DISPLAY] [Workr] [titlemanager] Title list updated.
[2025-02-15 23:53:40.060] [DISPLAY] [Workr] [launcher] Checking for self-update...
[2025-02-15 23:53:40.063] [DISPLAY] [Workr] [statuschecker] Title Rockstar Games Launcher: No update
[2025-02-15 23:53:40.066] [DISPLAY] [Workr] [launcher] No self-update, continuing.
[2025-02-15 23:53:40.066] [DISPLAY] [Workr] [launcher] Checking for prerequisite updates...
[2025-02-15 23:53:40.073] [DISPLAY] [Workr] [preqmanager] The Social Club version available matches that currently installed (both: 2.4.0.41)
[2025-02-15 23:53:40.073] [DISPLAY] [Workr] [titleupdater] No prerequisites to install.
[2025-02-15 23:53:40.073] [DISPLAY] [Workr] [launcher] Checking minimum SDK requirement
[2025-02-15 23:53:40.090] [DISPLAY] [Workr] [launcher] Completed Social Club Pre-initialization tasks
[2025-02-15 23:53:41.050] [DISPLAY] [Workr] [dx12] Retrieving D3D12 graphics info
[2025-02-15 23:53:41.548] [DISPLAY] [Main ] [launcher] Social Club UI has started.
[2025-02-15 23:53:41.549] [DISPLAY] [Admin] [external] Setting up steam title: gta5
[2025-02-15 23:53:41.549] [DISPLAY] [Admin] [external] Successfully setup title
[2025-02-15 23:53:41.565] [DISPLAY] [Main ] [external] Client is ready to attempt a launch.
[2025-02-15 23:53:41.565] [DISPLAY] [Main ] [external] Frontend is ready to launch the title
[2025-02-15 23:53:44.881] [DISPLAY] [Main ] [launcher] Presence Event - Signed In
[2025-02-15 23:53:44.881] [DISPLAY] [Main ] [launcher] User '_The_eugene_k_' is now signed in
[2025-02-15 23:53:44.914] [DISPLAY] [Main ] [launcher] Presence Event :: Went Online
[2025-02-15 23:53:44.915] [DISPLAY] [Admin] [titlemanager] Downloading title list...
[2025-02-15 23:53:44.915] [DISPLAY] [Main ] [launcher] Time to start up: 7242 ms
[2025-02-15 23:53:44.915] [DISPLAY] [Admin] [titlemanager] Downloading title list (SCS)...
[2025-02-15 23:53:44.917] [DISPLAY] [Main ] [systemtray] System tray: enabled
[2025-02-15 23:53:44.925] [DISPLAY] [Main ] [ui_window_controller] UiWindowController::SetContext: Invalid -> MainWindow
[2025-02-15 23:53:44.925] [DISPLAY] [Main ] [ui_window_controller] UiWindowController::SetState: Invalid -> WaitForBrowser
[2025-02-15 23:53:44.926] [DISPLAY] [Main ] [scuicallbacks] Enabling Downloading
[2025-02-15 23:53:44.926] [DISPLAY] [Main ] [ui_window_controller] UiWindowController::SetState: WaitForBrowser -> WaitForWindow
[2025-02-15 23:53:44.926] [DISPLAY] [Main ] [ui_window_controller] UiWindowController::SetState: WaitForWindow -> Active
[2025-02-15 23:53:44.926] [DISPLAY] [Main ] [ui_mainwindow] Using DPI 96,96
[2025-02-15 23:53:44.926] [DISPLAY] [Main ] [ui_mainwindow] Using UI Scale: 1.00
[2025-02-15 23:53:44.927] [DISPLAY] [Main ] [ui_mainwindow] Using saved geometry: 331,239 (1280 x 600)
[2025-02-15 23:53:45.067] [DISPLAY] [Main ] [launcher] Friend Event - Friends are Available
[2025-02-15 23:53:45.421] [DISPLAY] [Main ] [scuicallbacks] Setting updated
[2025-02-15 23:53:45.421] [DISPLAY] [Main ] [scuicallbacks] Launch requested
[2025-02-15 23:53:45.421] [DISPLAY] [Main ] [scuicallbacks] Launch requested by user: gta5, steam
[2025-02-15 23:53:45.421] [DISPLAY] [Main ] [external] Frontend is ready to launch the title
[2025-02-15 23:53:45.421] [DISPLAY] [Main ] [external] Attempting external title launch...
[2025-02-15 23:53:46.090] [DISPLAY] [Admin] [titlemanager] Title list updated.
[2025-02-15 23:53:46.091] [DISPLAY] [Admin] [external] Attempting Steam launch. User is 'ZXZXZ'
[2025-02-15 23:53:48.471] [DISPLAY] [Main ] [gamelaunch] Begin game launch: gta5
[2025-02-15 23:53:48.471] [DISPLAY] [Main ] [gamelaunch] Flags: 11
[2025-02-15 23:53:48.471] [DISPLAY] [Main ] [gamelaunch] Path: C:\Program Files (x86)\Steam\steamapps\common\Grand Theft Auto V
[2025-02-15 23:53:48.479] [DISPLAY] [17284] [gamelaunch] Launch Folder: C:\Program Files (x86)\Steam\steamapps\common\Grand Theft Auto V
[2025-02-15 23:53:48.479] [DISPLAY] [17284] [gamelaunch] Launch Path: C:\Program Files (x86)\Steam\steamapps\common\Grand Theft Auto V\GTA5.exe
[2025-02-15 23:53:48.481] [DISPLAY] [17284] [gamelaunch] RGL is up to date (current: 1.0.100.2344, minimum: 1.0.97.2200)
[2025-02-15 23:53:48.481] [DISPLAY] [17284] [gamelaunch] Grand Theft Auto V is up to date (current: 1.0.3411.0, minimum: 1.0.3351.0)
[2025-02-15 23:53:50.247] [DISPLAY] [Main ] [cloudsaveop] Cloud Save sync requested for app 'gta5'
[2025-02-15 23:53:50.264] [DISPLAY] [Main ] [cloudsaveop] Starting cloud save enabled check for app 'gta5'
[2025-02-15 23:53:50.265] [DISPLAY] [Main ] [cloudsaveop] Received cloud saves enabled state for app 'gta5' = enabled
[2025-02-15 23:53:50.265] [DISPLAY] [Main ] [cloudsaveop] Identifying potential cloud save conflicts for app 'gta5'
[2025-02-15 23:53:51.234] [DISPLAY] [Main ] [cloudsaveop] Received modification list of cloud save files for title 'gta5'
[2025-02-15 23:53:51.234] [DISPLAY] [Main ] [cloudsaveop] Retrieving conflict metadata for app 'gta5'
[2025-02-15 23:53:51.251] [DISPLAY] [Main ] [cloudsaveop] Downloaded conflict metadata for app 'gta5'
[2025-02-15 23:53:51.251] [DISPLAY] [Main ] [cloudsaveop] Posting updated files for app 'gta5'
[2025-02-15 23:53:51.268] [DISPLAY] [Main ] [cloudsaveop] File uploading completed for app 'gta5'
[2025-02-15 23:53:51.268] [DISPLAY] [Main ] [cloudsaveop] Getting update files for app 'gta5'
[2025-02-15 23:53:51.285] [DISPLAY] [Main ] [cloudsaveop] File downloading completed for app 'gta5'
[2025-02-15 23:53:51.285] [DISPLAY] [Main ] [cloudsaveop] Deleting updated files for app 'gta5'
[2025-02-15 23:53:51.302] [DISPLAY] [Main ] [cloudsaveop] Files deletion completed for app 'gta5'
[2025-02-15 23:53:51.302] [DISPLAY] [Main ] [cloudsaveop] Swapping updated files in place for app 'gta5'
[2025-02-15 23:53:51.319] [DISPLAY] [Main ] [cloudsaveop] Finished syncing cloud saves for app 'gta5'
[2025-02-15 23:53:51.600] [DISPLAY] [net1 ] [audio] Valid Audio Device: true
[2025-02-15 23:53:52.995] [DISPLAY] [17284] [gamelaunch] Launching game...
[2025-02-15 23:53:52.995] [DISPLAY] [17284] [gamelaunch]  Path: C:\Program Files (x86)\Steam\steamapps\common\Grand Theft Auto V\GTA5.exe
[2025-02-15 23:53:52.995] [DISPLAY] [17284] [gamelaunch]  Command Line: "C:\Program Files (x86)\Steam\steamapps\common\Grand Theft Auto V\GTA5.exe" -skipPatcherCheck -steamLocation "C:\Program Files (x86)\Steam\steamapps\common\Grand Theft Auto V" -launchTitleInFolder -noBattleye @args.txt -enableCrashpad -useSteam -steamAppId=271590 -scCommerceProvider=4 @commandline.txt -fromRGL -rglLanguage=ru-RU -nobattleye
[2025-02-15 23:53:52.995] [DISPLAY] [17284] [gamelaunch]  Working Directory: C:\Program Files (x86)\Steam\steamapps\common\Grand Theft Auto V
[2025-02-15 23:55:45.630] [ ERROR ] [Main ] [ui_window_controller] Auth window failed to load!
[2025-02-16 00:20:25.712] [DISPLAY] [17284] [gamelaunch] Game exited with code 0xc000013a (3221225786)
[2025-02-16 00:20:25.712] [DISPLAY] [17284] [crashdetection] Game left no exit file.
[2025-02-16 00:20:25.712] [ ERROR ] [17284] [crashdetection] Exit code 0xc000013a indicates a fatal game exit (reason: Unknown Error Code)
[2025-02-16 00:20:25.819] [DISPLAY] [17284] [launcher] Shutdown requested! Forced: false
[2025-02-16 00:20:25.836] [DISPLAY] [Main ] [launcher] StartShutdown - Now in progress
[2025-02-16 00:20:25.853] [WARNING] [Main ] [worker] Not adding job (5) due to thread exiting
[2025-02-16 00:20:25.921] [DISPLAY] [Main ] [app] Application quit requested (exit code: 0)
[2025-02-16 00:20:25.948] [DISPLAY] [Main ] [svc] Stopping the background service.
